This is pdfTeX, Version 3.1415926-2.3-1.40.12 (MiKTeX 2.9 64-bit) (preloaded format=pdflatex 2017.1.2)  17 NOV 2017 20:24
entering extended mode
**D:/chandra_win/CSB_latex_NITK_report/my_REPORT/CSB_thesis_nitkdiss/CSB_thesis
_nitkdiss/EXTRA_PAGES/chap_abstract.tex

(D:/chandra_win/CSB_latex_NITK_report/my_REPORT/CSB_thesis_nitkdiss/CSB_thesis_
nitkdiss/EXTRA_PAGES/chap_abstract.tex
LaTeX2e <2011/06/27>
Babel <v3.8m> and hyphenation patterns for english, afrikaans, ancientgreek, ar
abic, armenian, assamese, basque, bengali, bokmal, bulgarian, catalan, coptic, 
croatian, czech, danish, dutch, esperanto, estonian, farsi, finnish, french, ga
lician, german, german-x-2009-06-19, greek, gujarati, hindi, hungarian, iceland
ic, indonesian, interlingua, irish, italian, kannada, kurmanji, lao, latin, lat
vian, lithuanian, malayalam, marathi, mongolian, mongolianlmc, monogreek, ngerm
an, ngerman-x-2009-06-19, nynorsk, oriya, panjabi, pinyin, polish, portuguese, 
romanian, russian, sanskrit, serbian, slovak, slovenian, spanish, swedish, swis
sgerman, tamil, telugu, turkish, turkmen, ukenglish, ukrainian, uppersorbian, u
senglishmax, welsh, loaded.
! Undefined control sequence.
l.1 \abstract
             
? 
! Emergency stop.
l.1 \abstract
             
End of file on the terminal!

 
Here is how much of TeX's memory you used:
 7 strings out of 494045
 414 string characters out of 3148382
 48890 words of memory out of 3000000
 3399 multiletter control sequences out of 15000+200000
 3640 words of font info for 14 fonts, out of 3000000 for 9000
 715 hyphenation exceptions out of 8191
 5i,0n,1p,129b,8s stack positions out of 5000i,500n,10000p,200000b,50000s
!  ==> Fatal error occurred, no output PDF file produced!
